<?xml version="1.0" encoding="UTF-8"?>
<testng-results skipped="0" failed="0" total="2" passed="2">
  <reporter-output>
  </reporter-output>
  <suite name="Default suite" duration-ms="2419" started-at="2021-11-29T00:09:45Z" finished-at="2021-11-29T00:09:48Z">
    <groups>
    </groups>
    <test name="Default test" duration-ms="2419" started-at="2021-11-29T00:09:45Z" finished-at="2021-11-29T00:09:48Z">
      <class name="com.apicalls.RestCall">
        <test-method status="PASS" signature="callTheUserService()[pri:0, instance:com.apicalls.RestCall@23fe1d71]" name="callTheUserService" duration-ms="1796" started-at="2021-11-29T05:39:45Z" finished-at="2021-11-29T05:39:47Z">
          <reporter-output>
          </reporter-output>
        </test-method> <!-- callTheUserService -->
        <test-method status="PASS" signature="postCall()[pri:0, instance:com.apicalls.RestCall@23fe1d71]" name="postCall" duration-ms="602" started-at="2021-11-29T05:39:47Z" finished-at="2021-11-29T05:39:48Z">
          <reporter-output>
          </reporter-output>
        </test-method> <!-- postCall -->
        <test-method status="PASS" signature="verifyTheUserServices()[pri:0, instance:com.apicalls.RestCall@23fe1d71]" name="verifyTheUserServices" is-config="true" duration-ms="3" started-at="2021-11-29T05:39:48Z" finished-at="2021-11-29T05:39:48Z">
          <reporter-output>
          </reporter-output>
        </test-method> <!-- verifyTheUserServices -->
      </class> <!-- com.apicalls.RestCall -->
    </test> <!-- Default test -->
  </suite> <!-- Default suite -->
</testng-results>
