<?xml version="1.0" encoding="UTF-8"?>
<testng-results skipped="0" failed="0" total="2" passed="2">
  <reporter-output>
  </reporter-output>
  <suite name="Default suite" duration-ms="1972" started-at="2021-11-29T01:37:35Z" finished-at="2021-11-29T01:37:37Z">
    <groups>
    </groups>
    <test name="Default test" duration-ms="1972" started-at="2021-11-29T01:37:35Z" finished-at="2021-11-29T01:37:37Z">
      <class name="com.apicalls.StepDefinition">
        <test-method status="PASS" signature="callTheUserService()[pri:0, instance:com.apicalls.StepDefinition@23fe1d71]" name="callTheUserService" duration-ms="1431" started-at="2021-11-29T07:07:35Z" finished-at="2021-11-29T07:07:36Z">
          <reporter-output>
          </reporter-output>
        </test-method> <!-- callTheUserService -->
        <test-method status="PASS" signature="postCall()[pri:0, instance:com.apicalls.StepDefinition@23fe1d71]" name="postCall" duration-ms="514" started-at="2021-11-29T07:07:36Z" finished-at="2021-11-29T07:07:37Z">
          <reporter-output>
          </reporter-output>
        </test-method> <!-- postCall -->
        <test-method status="PASS" signature="verifyTheUserServices()[pri:0, instance:com.apicalls.StepDefinition@23fe1d71]" name="verifyTheUserServices" is-config="true" duration-ms="7" started-at="2021-11-29T07:07:37Z" finished-at="2021-11-29T07:07:37Z">
          <reporter-output>
          </reporter-output>
        </test-method> <!-- verifyTheUserServices -->
      </class> <!-- com.apicalls.StepDefinition -->
    </test> <!-- Default test -->
  </suite> <!-- Default suite -->
</testng-results>
